/home/amit/muse/output/notepad/schemas/COMPLEXREACHABILITY/notepad
In file: ThemeNotepad.java
Input operator: COMPLEXREACHABILITY
leak-0: ThemeNotepad.ThemeNotepad
In file: ThemeUtils.java
Input operator: COMPLEXREACHABILITY
leak-1: ThemeUtils.ThemeUtils
leak-2: ThemeUtils.getAttributeIds
leak-3: ThemeUtils.getAttributeIds
leak-4: ThemeUtils.getAttributeIds
leak-5: ThemeUtils.getThemePackages
leak-6: ThemeUtils.getThemePackages
leak-7: ThemeUtils.getThemePackages
leak-8: ThemeUtils.getThemePackages
leak-9: ThemeUtils.getThemePackages
leak-10: ThemeUtils.addThemeInfos
leak-11: ThemeUtils.addThemeInfos
leak-12: ThemeUtils.addThemeInfos
leak-13: ThemeUtils.addThemeInfos
leak-14: ThemeUtils.addThemeInfos
leak-15: ThemeUtils.addThemeInfos
leak-16: ThemeUtils.addThemeInfos
leak-17: ThemeUtils.addThemeInfos
leak-18: ThemeUtils.addThemeInfos
leak-19: ThemeUtils.addThemeInfos
leak-20: ThemeUtils.addThemeInfos
leak-21: ThemeUtils.addThemeInfos
leak-22: ThemeUtils.getThemeInfos
leak-23: ThemeUtils.getThemeInfos
leak-24: ThemeUtils.getPackageNameFromStyle
leak-25: ThemeUtils.getPackageNameFromStyle
leak-26: ThemeUtils.getPackageNameFromStyle
In file: ThemeAttributes.java
Input operator: COMPLEXREACHABILITY
leak-27: ThemeAttributes.ThemeAttributes
leak-28: ThemeAttributes.getBoolean
leak-29: ThemeAttributes.getColor
leak-30: ThemeAttributes.getDimensionPixelOffset
leak-31: ThemeAttributes.getInteger
leak-32: ThemeAttributes.getResourceId
leak-33: ThemeAttributes.getString
In file: NotePad.java
Input operator: COMPLEXREACHABILITY
leak-34: NotePad.NotePad
leak-35: Notes.Notes
In file: PreferenceActivity.java
Input operator: COMPLEXREACHABILITY
leak-36: PreferenceActivity.<init>
leak-37: PreferenceActivity.<init>
leak-38: PreferenceActivity.<init>
leak-39: PreferenceActivity.getSortOrderFromPrefs
leak-40: PreferenceActivity.getSortOrderFromPrefs
leak-41: PreferenceActivity.getSortOrderFromPrefs
leak-42: PreferenceActivity.getSortOrderFromPrefs
leak-43: PreferenceActivity.getFontSizeFromPrefs
leak-44: PreferenceActivity.getCharCountEnabledFromPrefs
leak-45: PreferenceActivity.getMarqueeFromPrefs
leak-46: PreferenceActivity.getAutoLinkFromPreference
leak-47: PreferenceActivity.getThemeSetForAll
leak-48: PreferenceActivity.setThemeSetForAll
leak-49: PreferenceActivity.onCreate
leak-50: PreferenceActivity.onCreate
leak-51: PreferenceActivity.onCreate
leak-52: PreferenceActivity.onResume
leak-53: PreferenceActivity.onResume
leak-54: PreferenceActivity.onOptionsItemSelected
leak-55: PreferenceActivity.isMarketAvailable
In file: EncryptActivity.java
Input operator: COMPLEXREACHABILITY
leak-56: EncryptActivity.confirmEncryptActivityCalled
leak-57: EncryptActivity.confirmEncryptActivityCalled
leak-58: EncryptActivity.getPendingEncryptActivities
leak-59: EncryptActivity.getPendingEncryptActivities
leak-60: EncryptActivity.cancelEncrypt
leak-61: EncryptActivity.cancelEncrypt
leak-62: EncryptActivity.onCreate
leak-63: EncryptActivity.onCreate
leak-64: EncryptActivity.onCreate
leak-65: EncryptActivity.onCreate
leak-66: EncryptActivity.onCreate
leak-67: EncryptActivity.onCreate
leak-68: EncryptActivity.onCreate
leak-69: EncryptActivity.onCreate
leak-70: EncryptActivity.onCreate
leak-71: EncryptActivity.onCreate
leak-72: EncryptActivity.onCreate
leak-73: EncryptActivity.onCreate
leak-74: EncryptActivity.onCreate
leak-75: EncryptActivity.onCreate
leak-76: EncryptActivity.onCreate
leak-77: EncryptActivity.getCryptoStringArray
leak-78: EncryptActivity.onActivityResult
leak-79: EncryptActivity.onActivityResult
leak-80: EncryptActivity.onActivityResult
leak-81: EncryptActivity.onActivityResult
leak-82: EncryptActivity.onActivityResult
leak-83: EncryptActivity.onActivityResult
leak-84: EncryptActivity.onActivityResult
leak-85: EncryptActivity.onActivityResult
leak-86: EncryptActivity.onActivityResult
leak-87: EncryptActivity.onActivityResult
leak-88: EncryptActivity.onActivityResult
leak-89: EncryptActivity.onActivityResult
leak-90: EncryptActivity.onActivityResult
leak-91: EncryptActivity.onCreateDialog
leak-92: EncryptActivity.onPrepareDialog
leak-93: 1.onDismiss
In file: SearchQueryResultsActivity.java
Input operator: COMPLEXREACHABILITY
leak-94: SearchQueryResultsActivity.onCreate
leak-95: SearchQueryResultsActivity.onCreate
leak-96: SearchQueryResultsActivity.onCreate
leak-97: SearchQueryResultsActivity.onCreate
leak-98: SearchQueryResultsActivity.onNewIntent
leak-99: SearchQueryResultsActivity.onNewIntent
leak-100: SearchQueryResultsActivity.onNewIntent
leak-101: SearchQueryResultsActivity.onNewIntent
leak-102: SearchQueryResultsActivity.doSearchQuery
leak-103: SearchQueryResultsActivity.doSearchQuery
leak-104: SearchQueryResultsActivity.doSearchQuery
leak-105: SearchQueryResultsActivity.showItem
leak-106: SearchQueryResultsActivity.onListItemClick
leak-107: SearchQueryResultsActivity.onListItemClick
In file: SearchSuggestionProvider.java
Input operator: COMPLEXREACHABILITY
leak-108: SearchSuggestionProvider.buildUriMatcher
leak-109: SearchSuggestionProvider.onCreate
leak-110: SearchSuggestionProvider.query
leak-111: SearchSuggestionProvider.query
leak-112: SearchSuggestionProvider.query
leak-113: SearchSuggestionProvider.query
leak-114: SearchSuggestionProvider.query
leak-115: SearchSuggestionProvider.query
leak-116: SearchSuggestionProvider.getSuggestions
leak-117: SearchSuggestionProvider.getSuggestions
leak-118: SearchSuggestionProvider.getSuggestions
leak-119: SearchSuggestionProvider.getSuggestions
leak-120: SearchSuggestionProvider.columnValues
leak-121: SearchSuggestionProvider.refreshShortcut
leak-122: SearchSuggestionProvider.refreshShortcut
leak-123: SearchSuggestionProvider.refreshShortcut
leak-124: SearchSuggestionProvider.refreshShortcut
leak-125: SearchSuggestionProvider.refreshShortcut
leak-126: SearchSuggestionProvider.getType
leak-127: SearchSuggestionProvider.insert
leak-128: SearchSuggestionProvider.delete
leak-129: SearchSuggestionProvider.update
In file: FullTextSearch.java
Input operator: COMPLEXREACHABILITY
leak-130: FullTextSearch.FullTextSearch
leak-131: FullTextSearch.getCursor
leak-132: FullTextSearch.getCursor
leak-133: FullTextSearch.getCursor
leak-134: FullTextSearch.getCursor
leak-135: FullTextSearch.getCursor
leak-136: FullTextSearch.getCursor
leak-137: FullTextSearch.getCursor
leak-138: FullTextSearch.getCursor
leak-139: FullTextSearch.getCursor
leak-140: FullTextSearch.columnValues
In file: SaveFileActivity.java
Input operator: COMPLEXREACHABILITY
leak-141: SaveFileActivity.writeToFile
leak-142: SaveFileActivity.writeToFile
leak-143: SaveFileActivity.writeToFile
leak-144: SaveFileActivity.onCreate
leak-145: SaveFileActivity.onCreate
leak-146: SaveFileActivity.onCreate
leak-147: SaveFileActivity.onCreate
leak-148: SaveFileActivity.onCreate
leak-149: SaveFileActivity.onCreate
leak-150: SaveFileActivity.onCreate
leak-151: SaveFileActivity.onCreate
leak-152: SaveFileActivity.onCreate
leak-153: SaveFileActivity.onCreate
leak-154: SaveFileActivity.onCreate
leak-155: SaveFileActivity.onSaveInstanceState
leak-156: SaveFileActivity.onSaveInstanceState
leak-157: SaveFileActivity.onSaveInstanceState
leak-158: SaveFileActivity.getNote
leak-159: SaveFileActivity.getNote
leak-160: SaveFileActivity.getNote
leak-161: SaveFileActivity.getNote
leak-162: SaveFileActivity.getNote
leak-163: SaveFileActivity.getNote
leak-164: SaveFileActivity.getFilenameFromNoteTitle
leak-165: SaveFileActivity.getFilenameFromNoteTitle
leak-166: SaveFileActivity.getFilenameFromNoteTitle
leak-167: SaveFileActivity.getFilenameFromNoteTitle
leak-168: SaveFileActivity.askForFilenameSDCard
leak-169: SaveFileActivity.onActivityResult
leak-170: SaveFileActivity.onActivityResult
leak-171: SaveFileActivity.onActivityResult
leak-172: SaveFileActivity.onActivityResult
leak-173: SaveFileActivity.onActivityResult
leak-174: SaveFileActivity.onActivityResult
leak-175: SaveFileActivity.onActivityResult
leak-176: SaveFileActivity.onRequestPermissionsResult
leak-177: SaveFileActivity.onRequestPermissionsResult
leak-178: SaveFileActivity.onRequestPermissionsResult
leak-179: SaveFileActivity.saveNote
leak-180: SaveFileActivity.saveNote
leak-181: SaveFileActivity.saveNote
leak-182: SaveFileActivity.writeToFileAndFinish
leak-183: SaveFileActivity.getSdCardPath
leak-184: SaveFileActivity.onCreateDialog
leak-185: SaveFileActivity.onPrepareDialog
leak-186: SaveFileActivity.getOverwriteWarningDialog
leak-187: 1.onClick
leak-188: 1.onClick
In file: NotePadProvider.java
Input operator: COMPLEXREACHABILITY
leak-189: NotePadProvider.<init>
leak-190: NotePadProvider.onCreate
leak-191: NotePadProvider.query
leak-192: NotePadProvider.query
leak-193: NotePadProvider.query
leak-194: NotePadProvider.getType
leak-195: NotePadProvider.insert
leak-196: NotePadProvider.insert
leak-197: NotePadProvider.insert
leak-198: NotePadProvider.insert
leak-199: NotePadProvider.insert
leak-200: NotePadProvider.insert
leak-201: NotePadProvider.insert
leak-202: NotePadProvider.insert
leak-203: NotePadProvider.insert
leak-204: NotePadProvider.insert
leak-205: NotePadProvider.insert
leak-206: NotePadProvider.insert
leak-207: NotePadProvider.delete
leak-208: NotePadProvider.update
leak-209: DatabaseHelper.DatabaseHelper
leak-210: DatabaseHelper.onCreate
leak-211: DatabaseHelper.onUpgrade
leak-212: DatabaseHelper.onUpgrade
leak-213: DatabaseHelper.onUpgrade
leak-214: DatabaseHelper.onUpgrade
leak-215: DatabaseHelper.onUpgrade
leak-216: DatabaseHelper.onUpgrade
leak-217: DatabaseHelper.onUpgrade
In file: WrapActionBar.java
Input operator: COMPLEXREACHABILITY
leak-218: WrapActionBar.<init>
leak-219: WrapActionBar.<init>
leak-220: WrapActionBar.<init>
leak-221: WrapActionBar.WrapActionBar
leak-222: WrapActionBar.checkAvailable
leak-223: WrapActionBar.showIfRoom
leak-224: WrapActionBar.setDisplayHomeAsUpEnabled
leak-225: WrapActionBar.setHomeButtonEnabled
In file: TitleEditor.java
Input operator: COMPLEXREACHABILITY
leak-226: TitleEditor.onCreate
leak-227: TitleEditor.onResume
leak-228: TitleEditor.onResume
leak-229: TitleEditor.onPause
leak-230: TitleEditor.onPause
leak-231: TitleEditor.onClick
In file: NotepadInternalIntents.java
Input operator: COMPLEXREACHABILITY
leak-232: NotepadInternalIntents.NotepadInternalIntents
In file: NotesListCursorAdapter.java
Input operator: COMPLEXREACHABILITY
leak-233: NotesListCursorAdapter.NotesListCursorAdapter
leak-234: NotesListCursorAdapter.bindView
leak-235: NotesListCursorAdapter.newView
leak-236: NotesListCursorAdapter.runQueryOnBackgroundThread
In file: NotesList.java
Input operator: COMPLEXREACHABILITY
leak-237: NotesList.<init>
leak-238: NotesList.<init>
leak-239: NotesList.<init>
leak-240: 1.onReceive
leak-241: 1.onReceive
leak-242: NotesList.onCreate
leak-243: NotesList.onCreate
leak-244: NotesList.onCreate
leak-245: NotesList.onCreate
leak-246: NotesList.onCreate
leak-247: NotesList.onCreate
leak-248: NotesList.onCreate
leak-249: NotesList.onCreate
leak-250: NotesList.onCreate
leak-251: NotesList.onCreate
leak-252: NotesList.onCreate
leak-253: 1.onChanged
leak-254: 1.onItemSelected
leak-255: 1.onItemSelected
leak-256: 1.onItemSelected
leak-257: 1.onNothingSelected
leak-258: NotesList.updateTagList
leak-259: NotesList.updateTagList
leak-260: NotesList.updateTagList
leak-261: NotesList.updateTagList
leak-262: NotesList.updateTagList
leak-263: NotesList.updateTagList
leak-264: NotesList.updateTagList
leak-265: NotesList.updateTagList
leak-266: NotesList.updateTagList
leak-267: NotesList.updateTagList
leak-268: NotesList.updateTagList
leak-269: NotesList.onResume
leak-270: NotesList.onResume
leak-271: NotesList.onResume
leak-272: NotesList.onResume
leak-273: NotesList.onResume
leak-274: NotesList.onResume
leak-275: NotesList.checkAdapter
leak-276: NotesList.checkAdapter
leak-277: NotesList.checkAdapter
leak-278: NotesList.checkAdapter
leak-279: NotesList.checkAdapter
leak-280: NotesList.checkAdapter
leak-281: NotesList.updateQuery
leak-282: NotesList.updateQuery
leak-283: NotesList.onPause
leak-284: NotesList.onPause
leak-285: NotesList.onStop
leak-286: NotesList.onStop
leak-287: NotesList.onDestroy
leak-288: NotesList.onSaveInstanceState
leak-289: NotesList.onSaveInstanceState
leak-290: NotesList.onCreateOptionsMenu
leak-291: NotesList.onCreateOptionsMenu
leak-292: NotesList.onCreateOptionsMenu
leak-293: NotesList.onCreateOptionsMenu
leak-294: NotesList.onCreateOptionsMenu
leak-295: NotesList.onPrepareOptionsMenu
leak-296: NotesList.onPrepareOptionsMenu
leak-297: NotesList.onPrepareOptionsMenu
leak-298: NotesList.onPrepareOptionsMenu
leak-299: NotesList.onOptionsItemSelected
leak-300: NotesList.insertNewNote
leak-301: NotesList.search
leak-302: NotesList.openFromSdCard
leak-303: NotesList.openFromSdCard
leak-304: NotesList.onCreateContextMenu
leak-305: NotesList.onCreateContextMenu
leak-306: NotesList.onCreateContextMenu
leak-307: NotesList.onCreateContextMenu
leak-308: NotesList.onCreateContextMenu
leak-309: NotesList.onCreateContextMenu
leak-310: NotesList.onCreateContextMenu
leak-311: NotesList.onContextItemSelected
leak-312: NotesList.onContextItemSelected
leak-313: NotesList.onContextItemSelected
leak-314: NotesList.onContextItemSelected
leak-315: NotesList.sendNoteByEmail
leak-316: NotesList.sendNoteByEmail
leak-317: NotesList.sendNoteByEmail
leak-318: NotesList.sendNoteByEmail
leak-319: NotesList.encryptNote
leak-320: NotesList.encryptNote
leak-321: NotesList.encryptNote
leak-322: NotesList.encryptNote
leak-323: NotesList.editTags
leak-324: NotesList.getSdCardPath
leak-325: NotesList.showNotesListSettings
leak-326: NotesList.onScroll
leak-327: NotesList.onScrollStateChanged
leak-328: NotesList.onScrollStateChanged
leak-329: NotesList.decryptDelayed
leak-330: NotesList.decryptDelayed
leak-331: NotesList.decryptDelayed
leak-332: NotesList.decryptDelayed
leak-333: NotesList.decryptDelayed
leak-334: NotesList.decryptDelayed
leak-335: 1.run
leak-336: NotesList.decryptTitle
leak-337: NotesList.decryptTitle
leak-338: NotesList.decryptTitle
leak-339: NotesList.decryptTitle
leak-340: NotesList.decryptTitle
leak-341: NotesList.decryptTitle
leak-342: NotesList.onCreateDialog
leak-343: 1.onClick
leak-344: 1.onClick
leak-345: NotesList.onPrepareDialog
leak-346: NotesList.onPrepareDialog
leak-347: NotesList.onDismiss
leak-348: NotesList.onDismiss
leak-349: NotesList.getTaglist
leak-350: NotesList.getTaglist
leak-351: NotesList.getTaglist
leak-352: NotesList.getTaglist
leak-353: NotesList.getTaglist
leak-354: NotesList.onListItemClick
leak-355: NotesList.onListItemClick
leak-356: NotesList.onListItemClick
leak-357: NotesList.onListItemClick
leak-358: NotesList.onListItemClick
leak-359: NotesList.onListItemClick
leak-360: NotesList.onListItemClick
leak-361: NotesList.onListItemClick
leak-362: NotesList.onListItemClick
leak-363: NotesList.onListItemClick
leak-364: NotesList.onActivityResult
leak-365: NotesList.onActivityResult
leak-366: NotesList.onActivityResult
leak-367: NotesList.onActivityResult
leak-368: NotesList.onActivityResult
leak-369: NotesList.onActivityResult
leak-370: NotesList.onActivityResult
leak-371: NotesList.onActivityResult
leak-372: NotesList.onActivityResult
leak-373: NotesList.onActivityResult
leak-374: NotesList.saveFile
leak-375: NotesList.saveFile
leak-376: NotesList.saveFile
leak-377: NotesList.saveFile
leak-378: NotesList.saveFile
leak-379: NotesList.saveFile
leak-380: NotesList.saveFile
leak-381: NotesList.saveFile
leak-382: NotesList.writeToFile
leak-383: NotesList.writeToFile
leak-384: NotesList.writeToFile
In file: NotesListItemView.java
Input operator: COMPLEXREACHABILITY
leak-385: NotesListItemView.NotesListItemView
leak-386: NotesListItemView.hasFocus
leak-387: NotesListItemView.hasFocus
leak-388: NotesListItemView.hasFocus
leak-389: NotesListItemView.setTitle
leak-390: NotesListItemView.setTags
leak-391: NotesListItemView.setTags
leak-392: NotesListItemView.setTags
leak-393: NotesListItemView.setEncrypted
leak-394: NotesListItemView.setEncrypted
leak-395: NotesListItemView.setEncrypted
In file: TagsDialog.java
Input operator: COMPLEXREACHABILITY
leak-396: TagsDialog.TagsDialog
leak-397: 1.onClick
leak-398: TagsDialog.TagsDialog
leak-399: TagsDialog.toggleTaglistPopup
leak-400: TagsDialog.toggleTaglistPopup
leak-401: TagsDialog.toggleTaglistPopup
leak-402: TagsDialog.setUri
leak-403: TagsDialog.setTagList
leak-404: TagsDialog.setTagList
leak-405: TagsDialog.setTags
leak-406: TagsDialog.setEncrypted
leak-407: TagsDialog.onClick
leak-408: TagsDialog.onClick
leak-409: TagsDialog.saveTags
leak-410: TagsDialog.saveTags
leak-411: TagsDialog.saveTags
leak-412: TagsDialog.saveTags
leak-413: TagsDialog.saveTags
leak-414: TagsDialog.onSaveInstanceState
leak-415: TagsDialog.onRestoreInstanceState
In file: NotesListCursor.java
Input operator: COMPLEXREACHABILITY
leak-416: NotesListCursor.NotesListCursor
leak-417: 1.deliverSelfNotifications
leak-418: 1.onChange
leak-419: 1.onChange
leak-420: 1.onChange
leak-421: 1.onChange
leak-422: NotesListCursor.requery
leak-423: NotesListCursor.query
leak-424: NotesListCursor.runQuery
leak-425: NotesListCursor.runQuery
leak-426: NotesListCursor.runQuery
leak-427: NotesListCursor.runQuery
leak-428: NotesListCursor.runQuery
leak-429: NotesListCursor.runQuery
leak-430: NotesListCursor.runQuery
leak-431: NotesListCursor.runQuery
leak-432: NotesListCursor.runQuery
leak-433: NotesListCursor.runQuery
leak-434: NotesListCursor.runQuery
leak-435: NotesListCursor.runQuery
leak-436: NotesListCursor.runQuery
leak-437: NotesListCursor.runQuery
leak-438: NotesListCursor.runQuery
leak-439: NotesListCursor.runQuery
leak-440: NotesListCursor.runQuery
leak-441: NotesListCursor.runQuery
leak-442: NotesListCursor.runQuery
leak-443: NotesListCursor.runQuery
leak-444: NotesListCursor.runQuery
leak-445: NotesListCursor.runQuery
leak-446: NotesListCursor.runQuery
leak-447: NotesListCursor.runQuery
leak-448: NotesListCursor.runQuery
leak-449: NotesListCursor.runQuery
leak-450: NotesListCursor.runQuery
leak-451: NotesListCursor.runQuery
leak-452: NotesListCursor.runQuery
leak-453: NotesListCursor.runQuery
leak-454: NotesListCursor.runQuery
leak-455: NotesListCursor.runQuery
leak-456: NotesListCursor.runQuery
leak-457: NotesListCursor.runQuery
leak-458: NotesListCursor.runQuery
leak-459: NotesListCursor.flushDecryptedStringHashMap
leak-460: NotesListCursor.addForEncryption
leak-461: NotesListCursor.addForEncryption
leak-462: NotesListCursor.getNextEncryptedString
leak-463: NotesListCursor.getNextEncryptedString
leak-464: NotesListCursor.getNextEncryptedString
leak-465: NotesListCursor.close
leak-466: NotesListCursor.close
leak-467: NotesListCursor.deactivate
leak-468: NotesListCursor.deactivate
leak-469: NotesListCursor.deactivate
leak-470: NotesListCursor.finalize
leak-471: NotesListCursor.finalize
leak-472: NotesListCursor.finalize
In file: MarqueeTextView.java
Input operator: COMPLEXREACHABILITY
leak-473: MarqueeTextView.MarqueeTextView
leak-474: MarqueeTextView.setMarquee
leak-475: MarqueeTextView.onFocusChanged
leak-476: MarqueeTextView.onFocusChanged
leak-477: MarqueeTextView.onWindowFocusChanged
leak-478: MarqueeTextView.onWindowFocusChanged
leak-479: MarqueeTextView.isFocused
In file: SendNote.java
Input operator: COMPLEXREACHABILITY
leak-480: SendNote.SendNote
leak-481: SendNote.sendNote
leak-482: SendNote.sendNote
leak-483: SendNote.sendNote
In file: FileUriUtils.java
Input operator: COMPLEXREACHABILITY
leak-484: FileUriUtils.FileUriUtils
leak-485: FileUriUtils.getUri
leak-486: FileUriUtils.getUri
leak-487: FileUriUtils.getFile
leak-488: FileUriUtils.getFile
leak-489: FileUriUtils.getFile
leak-490: FileUriUtils.getUri
leak-491: FileUriUtils.getFilename
leak-492: FileUriUtils.getFilename
leak-493: FileUriUtils.getFile
leak-494: FileUriUtils.getFile
leak-495: FileUriUtils.getFile
In file: OpenMatrixCursor.java
Input operator: COMPLEXREACHABILITY
leak-496: OpenMatrixCursor.OpenMatrixCursor
leak-497: OpenMatrixCursor.OpenMatrixCursor
leak-498: OpenMatrixCursor.OpenMatrixCursor
leak-499: OpenMatrixCursor.get
leak-500: OpenMatrixCursor.get
leak-501: OpenMatrixCursor.get
leak-502: OpenMatrixCursor.get
leak-503: OpenMatrixCursor.newRow
leak-504: OpenMatrixCursor.addRow
leak-505: OpenMatrixCursor.addRow
leak-506: OpenMatrixCursor.addRow
leak-507: OpenMatrixCursor.addRow
leak-508: OpenMatrixCursor.addRow
leak-509: OpenMatrixCursor.addRow
leak-510: OpenMatrixCursor.addRow
leak-511: OpenMatrixCursor.addRow
leak-512: OpenMatrixCursor.addRow
leak-513: OpenMatrixCursor.addRow
leak-514: OpenMatrixCursor.ensureCapacity
leak-515: OpenMatrixCursor.ensureCapacity
leak-516: OpenMatrixCursor.ensureCapacity
leak-517: OpenMatrixCursor.getCount
leak-518: OpenMatrixCursor.getColumnNames
leak-519: OpenMatrixCursor.getString
leak-520: OpenMatrixCursor.getShort
leak-521: OpenMatrixCursor.getInt
leak-522: OpenMatrixCursor.getLong
leak-523: OpenMatrixCursor.getFloat
leak-524: OpenMatrixCursor.getDouble
leak-525: OpenMatrixCursor.isNull
leak-526: OpenMatrixCursor.reset
leak-527: OpenMatrixCursor.reset
leak-528: OpenMatrixCursor.reset
leak-529: RowBuilder.RowBuilder
leak-530: RowBuilder.add
leak-531: RowBuilder.add
In file: ExtractTitle.java
Input operator: COMPLEXREACHABILITY
leak-532: ExtractTitle.ExtractTitle
leak-533: ExtractTitle.extractTitle
leak-534: ExtractTitle.extractTitle
leak-535: ExtractTitle.extractTitle
leak-536: ExtractTitle.extractTitle
In file: PrivateNotePadIntents.java
Input operator: COMPLEXREACHABILITY
leak-537: PrivateNotePadIntents.PrivateNotePadIntents
In file: NoteEditor.java
Input operator: COMPLEXREACHABILITY
leak-538: NoteEditor.<init>
leak-539: NoteEditor.<init>
leak-540: NoteEditor.<init>
leak-541: 1.afterTextChanged
leak-542: 1.beforeTextChanged
leak-543: 1.onTextChanged
leak-544: 1.afterTextChanged
leak-545: 1.beforeTextChanged
leak-546: 1.onTextChanged
leak-547: 1.onReceive
leak-548: NoteEditor.deleteStaticDecryptedText
leak-549: NoteEditor.deleteStaticDecryptedText
leak-550: NoteEditor.setThemeForAll
leak-551: NoteEditor.onCreate
leak-552: NoteEditor.onCreate
leak-553: NoteEditor.onCreate
leak-554: NoteEditor.onCreate
leak-555: NoteEditor.onCreate
leak-556: NoteEditor.onCreate
leak-557: NoteEditor.onCreate
leak-558: NoteEditor.onCreate
leak-559: NoteEditor.onCreate
leak-560: NoteEditor.onCreate
leak-561: NoteEditor.onCreate
leak-562: NoteEditor.onCreate
leak-563: NoteEditor.onCreate
leak-564: NoteEditor.onCreate
leak-565: NoteEditor.onCreate
leak-566: NoteEditor.onCreate
leak-567: NoteEditor.onCreate
leak-568: NoteEditor.onCreate
leak-569: NoteEditor.onCreate
leak-570: NoteEditor.onCreate
leak-571: NoteEditor.onCreate
leak-572: NoteEditor.onCreate
leak-573: NoteEditor.onCreate
leak-574: NoteEditor.onCreate
leak-575: NoteEditor.onCreate
leak-576: NoteEditor.onCreate
leak-577: NoteEditor.onCreate
leak-578: NoteEditor.onCreate
leak-579: NoteEditor.onCreate
leak-580: NoteEditor.onCreate
leak-581: NoteEditor.onCreate
leak-582: NoteEditor.onCreate
leak-583: NoteEditor.onCreate
leak-584: NoteEditor.onCreate
leak-585: NoteEditor.onCreate
leak-586: NoteEditor.onCreate
leak-587: NoteEditor.onCreate
leak-588: NoteEditor.onCreate
leak-589: NoteEditor.createShortcut
leak-590: NoteEditor.getMostRecentlyUsedTheme
leak-591: NoteEditor.getMostRecentlyUsedTheme
leak-592: NoteEditor.readFile
leak-593: NoteEditor.readFile
leak-594: NoteEditor.readFile
leak-595: NoteEditor.readFile
leak-596: NoteEditor.readFile
leak-597: NoteEditor.readFile
leak-598: NoteEditor.readFile
leak-599: NoteEditor.readFile
leak-600: NoteEditor.onResume
leak-601: NoteEditor.onResume
leak-602: NoteEditor.onResume
leak-603: NoteEditor.onResume
leak-604: NoteEditor.onResume
leak-605: NoteEditor.onResume
leak-606: 1.onTouchEvent
leak-607: 1.onTouchEvent
leak-608: 1.onTouchEvent
leak-609: NoteEditor.menuSearch
leak-610: NoteEditor.startupSearch
leak-611: NoteEditor.startupSearch
leak-612: NoteEditor.initSearchPanel
leak-613: 1.onClick
leak-614: 1.onClick
leak-615: 1.onClick
leak-616: NoteEditor.searchForward
leak-617: NoteEditor.searchForward
leak-618: NoteEditor.searchForward
leak-619: NoteEditor.searchForward
leak-620: NoteEditor.searchForward
leak-621: NoteEditor.searchBackward
leak-622: NoteEditor.searchBackward
leak-623: NoteEditor.searchBackward
leak-624: NoteEditor.searchBackward
leak-625: NoteEditor.searchBackward
leak-626: NoteEditor.getNoteFromContentProvider
leak-627: NoteEditor.getNoteFromContentProvider
leak-628: NoteEditor.getNoteFromContentProvider
leak-629: NoteEditor.getNoteFromContentProvider
leak-630: NoteEditor.getNoteFromContentProvider
leak-631: NoteEditor.getNoteFromContentProvider
leak-632: NoteEditor.getNoteFromContentProvider
leak-633: NoteEditor.getNoteFromContentProvider
leak-634: NoteEditor.getNoteFromContentProvider
leak-635: NoteEditor.getNoteFromContentProvider
leak-636: NoteEditor.getNoteFromContentProvider
leak-637: NoteEditor.getNoteFromContentProvider
leak-638: NoteEditor.getNoteFromContentProvider
leak-639: NoteEditor.getNoteFromContentProvider
leak-640: NoteEditor.getNoteFromContentProvider
leak-641: NoteEditor.getNoteFromContentProvider
leak-642: NoteEditor.getNoteFromContentProvider
leak-643: NoteEditor.getNoteFromContentProvider
leak-644: NoteEditor.getNoteFromContentProvider
leak-645: NoteEditor.getNoteFromContentProvider
leak-646: NoteEditor.getNoteFromContentProvider
leak-647: NoteEditor.getNoteFromContentProvider
leak-648: NoteEditor.getNoteFromContentProvider
leak-649: NoteEditor.getNoteFromContentProvider
leak-650: NoteEditor.getNoteFromContentProvider
leak-651: NoteEditor.getNoteFromContentProvider
leak-652: NoteEditor.getNoteFromContentProvider
leak-653: NoteEditor.getNoteFromContentProvider
leak-654: NoteEditor.getNoteFromFile
leak-655: NoteEditor.getNoteFromFile
leak-656: NoteEditor.getNoteFromFile
leak-657: NoteEditor.getNoteFromFile
leak-658: NoteEditor.getNoteFromFile
leak-659: NoteEditor.getNoteFromFile
leak-660: NoteEditor.updateTitleSdCard
leak-661: NoteEditor.updateTitleSdCard
leak-662: NoteEditor.updateCharCount
leak-663: NoteEditor.updateCharCount
leak-664: NoteEditor.updateCharCount
leak-665: NoteEditor.updateCharCount
leak-666: NoteEditor.updateCharCount
leak-667: NoteEditor.updateCharCount
leak-668: NoteEditor.updateCharCount
leak-669: NoteEditor.onSaveInstanceState
leak-670: NoteEditor.onSaveInstanceState
leak-671: NoteEditor.onSaveInstanceState
leak-672: NoteEditor.onSaveInstanceState
leak-673: NoteEditor.onPause
leak-674: NoteEditor.onPause
leak-675: NoteEditor.onPause
leak-676: NoteEditor.onPause
leak-677: NoteEditor.onPause
leak-678: NoteEditor.onPause
leak-679: NoteEditor.onPause
leak-680: NoteEditor.onPause
leak-681: NoteEditor.onPause
leak-682: NoteEditor.onPause
leak-683: NoteEditor.onPause
leak-684: NoteEditor.onPause
leak-685: NoteEditor.onPause
leak-686: NoteEditor.onPause
leak-687: NoteEditor.onPause
leak-688: NoteEditor.onPause
leak-689: NoteEditor.onPause
leak-690: NoteEditor.onPause
leak-691: NoteEditor.encryptNote
leak-692: NoteEditor.encryptNote
leak-693: NoteEditor.encryptNote
leak-694: NoteEditor.encryptNote
leak-695: NoteEditor.encryptNote
leak-696: NoteEditor.encryptNote
leak-697: NoteEditor.encryptNote
leak-698: NoteEditor.encryptNote
leak-699: NoteEditor.encryptNote
leak-700: NoteEditor.encryptNote
leak-701: NoteEditor.encryptNote
leak-702: NoteEditor.encryptNote
leak-703: NoteEditor.unencryptNote
leak-704: NoteEditor.unencryptNote
leak-705: NoteEditor.isNoteUnencrypted
leak-706: NoteEditor.isNoteUnencrypted
leak-707: NoteEditor.isNoteUnencrypted
leak-708: NoteEditor.isNoteUnencrypted
leak-709: NoteEditor.getTags
leak-710: NoteEditor.getTags
leak-711: NoteEditor.getTags
leak-712: NoteEditor.getTags
leak-713: NoteEditor.getTags
leak-714: NoteEditor.onCreateOptionsMenu
leak-715: NoteEditor.onCreateOptionsMenu
leak-716: NoteEditor.onCreateOptionsMenu
leak-717: NoteEditor.onPrepareOptionsMenu
leak-718: NoteEditor.onPrepareOptionsMenu
leak-719: NoteEditor.onPrepareOptionsMenu
leak-720: NoteEditor.onPrepareOptionsMenu
leak-721: NoteEditor.onOptionsItemSelected
leak-722: NoteEditor.onOptionsItemSelected
leak-723: NoteEditor.shareNote
leak-724: NoteEditor.deleteNoteWithConfirm
leak-725: NoteEditor.startTextSelectionActivity
leak-726: NoteEditor.startTextSelectionActivity
leak-727: NoteEditor.revertNote
leak-728: NoteEditor.revertNote
leak-729: NoteEditor.revertNote
leak-730: NoteEditor.revertNote
leak-731: NoteEditor.deleteNote
leak-732: NoteEditor.deleteNote
leak-733: NoteEditor.applyInsertText
leak-734: NoteEditor.applyInsertText
leak-735: NoteEditor.insertAtPoint
leak-736: NoteEditor.insertAtPoint
leak-737: NoteEditor.insertAtPoint
leak-738: NoteEditor.insertAtPoint
leak-739: NoteEditor.insertAtPoint
leak-740: NoteEditor.insertAtPoint
leak-741: NoteEditor.insertAtPoint
leak-742: NoteEditor.insertAtPoint
leak-743: NoteEditor.insertAtPoint
leak-744: NoteEditor.insertAtPoint
leak-745: NoteEditor.insertAtPoint
leak-746: NoteEditor.insertAtPoint
leak-747: NoteEditor.insertAtPoint
leak-748: NoteEditor.insertAtPoint
leak-749: NoteEditor.importNote
leak-750: NoteEditor.importNote
leak-751: NoteEditor.importNote
leak-752: NoteEditor.importNote
leak-753: NoteEditor.saveNoteWithPermissionCheck
leak-754: NoteEditor.saveNoteWithPermissionCheck
leak-755: NoteEditor.saveNoteWithPermissionCheck
leak-756: NoteEditor.saveNoteWithPermissionCheck
leak-757: NoteEditor.saveNoteWithPermissionCheck
leak-758: NoteEditor.saveNote
leak-759: NoteEditor.saveAsNote
leak-760: NoteEditor.saveAsNote
leak-761: NoteEditor.setThemeSettings
leak-762: NoteEditor.onCreateDialog
leak-763: 1.onClick
leak-764: NoteEditor.onLoadTheme
leak-765: NoteEditor.onSaveTheme
leak-766: NoteEditor.onSetTheme
leak-767: NoteEditor.onSetThemeForAll
leak-768: NoteEditor.loadTheme
leak-769: NoteEditor.saveTheme
leak-770: NoteEditor.setTheme
leak-771: NoteEditor.setTheme
leak-772: NoteEditor.setLocalStyle
leak-773: NoteEditor.setLocalStyle
leak-774: NoteEditor.setRemoteStyle
leak-775: NoteEditor.setRemoteStyle
leak-776: NoteEditor.setRemoteStyle
leak-777: NoteEditor.setRemoteStyle
leak-778: NoteEditor.setRemoteStyle
leak-779: NoteEditor.setRemoteStyle
leak-780: NoteEditor.setRemoteStyle
leak-781: NoteEditor.setRemoteStyle
leak-782: NoteEditor.setRemoteStyle
leak-783: NoteEditor.setRemoteStyle
leak-784: NoteEditor.setRemoteStyle
leak-785: NoteEditor.setRemoteStyle
leak-786: NoteEditor.setRemoteStyle
leak-787: NoteEditor.setRemoteStyle
leak-788: NoteEditor.setRemoteStyle
leak-789: NoteEditor.setRemoteStyle
leak-790: NoteEditor.setRemoteStyle
leak-791: NoteEditor.setRemoteStyle
leak-792: NoteEditor.setRemoteStyle
leak-793: NoteEditor.setRemoteStyle
leak-794: NoteEditor.setRemoteStyle
leak-795: NoteEditor.setRemoteStyle
leak-796: NoteEditor.setRemoteStyle
leak-797: NoteEditor.setRemoteStyle
leak-798: NoteEditor.setRemoteStyle
leak-799: NoteEditor.setRemoteStyle
leak-800: NoteEditor.setRemoteStyle
leak-801: NoteEditor.setRemoteStyle
leak-802: NoteEditor.setRemoteStyle
leak-803: NoteEditor.setRemoteStyle
leak-804: NoteEditor.setRemoteStyle
leak-805: NoteEditor.setRemoteStyle
leak-806: NoteEditor.setRemoteStyle
leak-807: NoteEditor.setRemoteStyle
leak-808: NoteEditor.setRemoteStyle
leak-809: NoteEditor.setRemoteStyle
leak-810: NoteEditor.getTextSizeTiny
leak-811: NoteEditor.getTextSizeTiny
leak-812: NoteEditor.getTextSizeSmall
leak-813: NoteEditor.getTextSizeSmall
leak-814: NoteEditor.getTextSizeMedium
leak-815: NoteEditor.getTextSizeLarge
leak-816: NoteEditor.getTextSizeLarge
leak-817: NoteEditor.applyTheme
leak-818: NoteEditor.applyTheme
leak-819: NoteEditor.applyTheme
leak-820: NoteEditor.showNotesListSettings
leak-821: NoteEditor.showWordCount
leak-822: NoteEditor.showWordCount
leak-823: NoteEditor.getUnsavedChangesWarningDialog
leak-824: 1.onClick
leak-825: 1.onClick
leak-826: 1.onClick
leak-827: NoteEditor.onKeyDown
leak-828: NoteEditor.onKeyDown
leak-829: NoteEditor.onKeyDown
leak-830: NoteEditor.onKeyDown
leak-831: NoteEditor.onActivityResult
leak-832: NoteEditor.onActivityResult
leak-833: NoteEditor.onActivityResult
leak-834: NoteEditor.onActivityResult
leak-835: NoteEditor.onActivityResult
leak-836: NoteEditor.onActivityResult
leak-837: NoteEditor.onActivityResult
leak-838: NoteEditor.onActivityResult
leak-839: NoteEditor.onActivityResult
leak-840: NoteEditor.onRequestPermissionsResult
leak-841: NoteEditor.onRequestPermissionsResult
leak-842: NoteEditor.onRequestPermissionsResult
leak-843: NoteEditor.onRequestPermissionsResult
leak-844: NoteEditor.onRequestPermissionsResult
leak-845: NoteEditor.onRequestPermissionsResult
leak-846: LinedEditText.LinedEditText
leak-847: LinedEditText.onDraw
leak-848: LinedEditText.onDraw
leak-849: LinedEditText.onDraw
leak-850: LinedEditText.onDraw
leak-851: LinedEditText.onDraw
leak-852: LinedEditText.onDraw
In file: DeleteConfirmationDialog.java
Input operator: COMPLEXREACHABILITY
leak-853: DeleteConfirmationDialog.DeleteConfirmationDialog
In file: ThemeDialog.java
Input operator: COMPLEXREACHABILITY
leak-854: ThemeDialog.ThemeDialog
leak-855: ThemeDialog.ThemeDialog
leak-856: ThemeDialog.init
leak-857: 1.onClick
leak-858: ThemeDialog.fillThemes
leak-859: ThemeDialog.fillThemes
leak-860: ThemeDialog.prepareDialog
leak-861: ThemeDialog.updateList
leak-862: ThemeDialog.updateList
leak-863: ThemeDialog.updateList
leak-864: ThemeDialog.updateList
leak-865: ThemeDialog.updateList
leak-866: ThemeDialog.updateList
leak-867: ThemeDialog.onSaveInstanceState
leak-868: ThemeDialog.onRestoreInstanceState
leak-869: ThemeDialog.onRestoreInstanceState
leak-870: ThemeDialog.onClick
leak-871: ThemeDialog.onClick
leak-872: ThemeDialog.onClick
leak-873: ThemeDialog.onCancel
leak-874: ThemeDialog.pressOk
leak-875: ThemeDialog.pressOk
leak-876: ThemeDialog.getSelectedTheme
leak-877: ThemeDialog.getSelectedTheme
leak-878: ThemeDialog.getSelectedTheme
leak-879: ThemeDialog.pressCancel
leak-880: ThemeDialog.pressCancel
leak-881: ThemeDialog.pressCancel
leak-882: ThemeDialog.onItemClick
leak-883: ThemeDialog.onItemClick
In file: FilenameDialog.java
Input operator: COMPLEXREACHABILITY
leak-884: FilenameDialog.FilenameDialog
leak-885: 1.onClick
leak-886: FilenameDialog.setFilename
leak-887: FilenameDialog.setOnFilenamePickedListener
leak-888: FilenameDialog.onClick
leak-889: FilenameDialog.onClick
leak-890: FilenameDialog.openOrSave
leak-891: FilenameDialog.openOrSave
leak-892: FilenameDialog.openFileManager
leak-893: FilenameDialog.showNoFileManagerAvailableDialog
leak-894: FilenameDialog.onSaveInstanceState
leak-895: FilenameDialog.onRestoreInstanceState
In file: DialogHostingActivity.java
Input operator: COMPLEXREACHABILITY
leak-896: 1.onFilenamePicked
leak-897: 1.onFilenamePicked
leak-898: 1.onFilenamePicked
leak-899: 1.onFilenamePicked
leak-900: 1.onDismiss
leak-901: 1.onDismiss
leak-902: 1.onDismiss
leak-903: 1.onDismiss
leak-904: 1.onDismiss
leak-905: DialogHostingActivity.onCreate
leak-906: DialogHostingActivity.onCreate
leak-907: DialogHostingActivity.onCreate
leak-908: DialogHostingActivity.onCreate
leak-909: DialogHostingActivity.onCreate
leak-910: DialogHostingActivity.onCreate
leak-911: DialogHostingActivity.onCreate
leak-912: DialogHostingActivity.saveFile
leak-913: DialogHostingActivity.saveFile
leak-914: DialogHostingActivity.saveFile
leak-915: DialogHostingActivity.saveFile
leak-916: DialogHostingActivity.saveFile
leak-917: DialogHostingActivity.openFile
leak-918: DialogHostingActivity.openFile
leak-919: DialogHostingActivity.openFile
leak-920: DialogHostingActivity.uploadFile
leak-921: DialogHostingActivity.onCreateDialog
leak-922: DialogHostingActivity.onCreateDialog
leak-923: DialogHostingActivity.onCreateDialog
leak-924: DialogHostingActivity.onPrepareDialog
leak-925: DialogHostingActivity.onSaveInstanceState
leak-926: DialogHostingActivity.onSaveInstanceState
leak-927: DialogHostingActivity.onSaveInstanceState
leak-928: DialogHostingActivity.onResume
leak-929: DialogHostingActivity.onResume
In file: CryptoIntents.java
Input operator: COMPLEXREACHABILITY
leak-930: CryptoIntents.CryptoIntents
In file: FileManagerIntents.java
Input operator: COMPLEXREACHABILITY
leak-931: FileManagerIntents.FileManagerIntents
In file: NotepadIntents.java
Input operator: COMPLEXREACHABILITY
leak-932: NotepadIntents.NotepadIntents
In file: ProviderIntents.java
Input operator: COMPLEXREACHABILITY
leak-933: ProviderIntents.ProviderIntents
In file: MenuIntentOptionsWithIcons.java
Input operator: COMPLEXREACHABILITY
leak-934: MenuIntentOptionsWithIcons.MenuIntentOptionsWithIcons
leak-935: MenuIntentOptionsWithIcons.addIntentOptions
leak-936: MenuIntentOptionsWithIcons.addIntentOptions
leak-937: MenuIntentOptionsWithIcons.addIntentOptions
leak-938: MenuIntentOptionsWithIcons.addIntentOptions
In file: ProviderUtils.java
Input operator: COMPLEXREACHABILITY
leak-939: ProviderUtils.ProviderUtils
leak-940: ProviderUtils.getAffectedRows
leak-941: ProviderUtils.getAffectedRows
leak-942: ProviderUtils.getAffectedRows
leak-943: ProviderUtils.getAffectedRows
In file: UpperCaseTransformationMethod.java
Input operator: COMPLEXREACHABILITY
leak-944: UpperCaseTransformationMethod.getInstance
leak-945: UpperCaseTransformationMethod.getInstance
leak-946: UpperCaseTransformationMethod.getOriginal
leak-947: UpperCaseTransformationMethod.getReplacement
